<?xml version="1.0" encoding="UTF-8"?>
<!-- Generated by org.testng.reporters.JUnitReportReporter -->
<testsuite skipped="1" hostname="DESKTOP-JFTHT9R" name="testScenario.ReadMovieInfoTest" tests="2" failures="0" timestamp="2022-09-08T19:58:12 IST" time="0.772" errors="0">
  <testcase name="findElement" time="0.772" classname="testScenario.ReadMovieInfoTest"/>
  <system-out/>
  <testcase name="imdbMovie" classname="testScenario.ReadMovieInfoTest">
    <skipped/>
  </testcase> <!-- imdbMovie -->
  <system-out/>
</testsuite> <!-- testScenario.ReadMovieInfoTest -->
