<?xml version="1.0" encoding="UTF-8"?>
<!-- Generated by org.testng.reporters.JUnitReportReporter -->
<testsuite hostname="aavishk-Vostro-3478" failures="0" tests="1" name="testScenario.ReadMovieInfoTest" time="71.471" errors="0" timestamp="2022-08-29T20:57:13 IST" skipped="0">
  <testcase classname="testScenario.ReadMovieInfoTest" name="imdbMovie" time="71.471"/>
  <system-out>
------------->December 17, 2021 (India) ------->India wiki------------------->17 December 2021 wiki---------->India both string are equals both string are equals both string are equals  </system-out>
</testsuite> <!-- testScenario.ReadMovieInfoTest -->
